<?xml version="1.0" encoding="UTF-8"?>
<coverage generated="1506686402353" clover="3.2.0">
  <project timestamp="1506686402354" name="All files">
    <metrics statements="32" coveredstatements="30" conditionals="9" coveredconditionals="8" methods="9" coveredmethods="8" elements="50" coveredelements="46" complexity="0" loc="32" ncloc="32" packages="4" files="7" classes="7">
      <package name="NorthcodersNews">
        <metrics statements="1" coveredstatements="1" conditionals="0" coveredconditionals="0" methods="0" coveredmethods="0"/>
        <file name="config.js" path="/home/tony/code/acclerate/NorthcodersNews/config.js">
          <metrics statements="1" coveredstatements="1" conditionals="0" coveredconditionals="0" methods="0" coveredmethods="0"/>
          <line num="1" count="2" type="stmt"/>
        </file>
      </package>
      <package name="NorthcodersNews.src.actions">
        <metrics statements="12" coveredstatements="11" conditionals="0" coveredconditionals="0" methods="7" coveredmethods="6"/>
        <file name="actionCreators.js" path="/home/tony/code/acclerate/NorthcodersNews/src/actions/actionCreators.js">
          <metrics statements="3" coveredstatements="3" conditionals="0" coveredconditionals="0" methods="3" coveredmethods="3"/>
          <line num="4" count="3" type="stmt"/>
          <line num="10" count="3" type="stmt"/>
          <line num="17" count="2" type="stmt"/>
        </file>
        <file name="actionTypes.js" path="/home/tony/code/acclerate/NorthcodersNews/src/actions/actionTypes.js">
          <metrics statements="3" coveredstatements="3" conditionals="0" coveredconditionals="0" methods="0" coveredmethods="0"/>
          <line num="1" count="3" type="stmt"/>
          <line num="2" count="3" type="stmt"/>
          <line num="3" count="3" type="stmt"/>
        </file>
        <file name="asyncActions.js" path="/home/tony/code/acclerate/NorthcodersNews/src/actions/asyncActions.js">
          <metrics statements="6" coveredstatements="5" conditionals="0" coveredconditionals="0" methods="4" coveredmethods="3"/>
          <line num="10" count="2" type="stmt"/>
          <line num="11" count="1" type="stmt"/>
          <line num="12" count="1" type="stmt"/>
          <line num="13" count="1" type="stmt"/>
          <line num="15" count="1" type="stmt"/>
          <line num="18" count="0" type="stmt"/>
        </file>
      </package>
      <package name="NorthcodersNews.src.components">
        <metrics statements="1" coveredstatements="1" conditionals="0" coveredconditionals="0" methods="1" coveredmethods="1"/>
        <file name="HomePage.js" path="/home/tony/code/acclerate/NorthcodersNews/src/components/HomePage.js">
          <metrics statements="1" coveredstatements="1" conditionals="0" coveredconditionals="0" methods="1" coveredmethods="1"/>
          <line num="3" count="1" type="stmt"/>
        </file>
      </package>
      <package name="NorthcodersNews.src.reducer">
        <metrics statements="18" coveredstatements="17" conditionals="9" coveredconditionals="8" methods="1" coveredmethods="1"/>
        <file name="INITIAL_STATE.js" path="/home/tony/code/acclerate/NorthcodersNews/src/reducer/INITIAL_STATE.js">
          <metrics statements="1" coveredstatements="1" conditionals="0" coveredconditionals="0" methods="0" coveredmethods="0"/>
          <line num="1" count="1" type="stmt"/>
        </file>
        <file name="reducer.js" path="/home/tony/code/acclerate/NorthcodersNews/src/reducer/reducer.js">
          <metrics statements="17" coveredstatements="16" conditionals="9" coveredconditionals="8" methods="1" coveredmethods="1"/>
          <line num="6" count="4" type="cond" truecount="2" falsecount="0"/>
          <line num="8" count="3" type="cond" truecount="2" falsecount="0"/>
          <line num="9" count="1" type="stmt"/>
          <line num="10" count="1" type="stmt"/>
          <line num="11" count="1" type="stmt"/>
          <line num="14" count="2" type="cond" truecount="2" falsecount="0"/>
          <line num="15" count="1" type="stmt"/>
          <line num="16" count="1" type="stmt"/>
          <line num="17" count="1" type="stmt"/>
          <line num="18" count="1" type="stmt"/>
          <line num="21" count="1" type="cond" truecount="1" falsecount="1"/>
          <line num="22" count="1" type="stmt"/>
          <line num="23" count="1" type="stmt"/>
          <line num="24" count="1" type="stmt"/>
          <line num="25" count="1" type="stmt"/>
          <line num="26" count="1" type="stmt"/>
          <line num="28" count="0" type="stmt"/>
        </file>
      </package>
    </metrics>
  </project>
</coverage>
