TN:
SF:/home/tony/code/acclerate/NorthcodersNews/config.js
FNF:0
FNH:0
DA:1,2
LF:1
LH:1
BRF:0
BRH:0
end_of_record
TN:
SF:/home/tony/code/acclerate/NorthcodersNews/src/actions/actionCreators.js
FN:3,fetchTopicsRequest
FN:9,fetchTopicsSuccess
FN:16,fetchTopicsError
FNF:3
FNH:3
FNDA:3,fetchTopicsRequest
FNDA:3,fetchTopicsSuccess
FNDA:2,fetchTopicsError
DA:4,3
DA:10,3
DA:17,2
LF:3
LH:3
BRF:0
BRH:0
end_of_record
TN:
SF:/home/tony/code/acclerate/NorthcodersNews/src/actions/actionTypes.js
FNF:0
FNH:0
DA:1,3
DA:2,3
DA:3,3
LF:3
LH:3
BRF:0
BRH:0
end_of_record
TN:
SF:/home/tony/code/acclerate/NorthcodersNews/src/actions/asyncActions.js
FN:10,(anonymous_0)
FN:11,(anonymous_1)
FN:14,(anonymous_2)
FN:17,(anonymous_3)
FNF:4
FNH:3
FNDA:1,(anonymous_0)
FNDA:1,(anonymous_1)
FNDA:1,(anonymous_2)
FNDA:0,(anonymous_3)
DA:10,2
DA:11,1
DA:12,1
DA:13,1
DA:15,1
DA:18,0
LF:6
LH:5
BRF:0
BRH:0
end_of_record
TN:
SF:/home/tony/code/acclerate/NorthcodersNews/src/components/HomePage.js
FN:3,(anonymous_0)
FNF:1
FNH:1
FNDA:1,(anonymous_0)
DA:3,1
LF:1
LH:1
BRF:0
BRH:0
end_of_record
TN:
SF:/home/tony/code/acclerate/NorthcodersNews/src/reducer/INITIAL_STATE.js
FNF:0
FNH:0
DA:1,1
LF:1
LH:1
BRF:0
BRH:0
end_of_record
TN:
SF:/home/tony/code/acclerate/NorthcodersNews/src/reducer/reducer.js
FN:4,reducer
FNF:1
FNH:1
FNDA:4,reducer
DA:6,4
DA:8,3
DA:9,1
DA:10,1
DA:11,1
DA:14,2
DA:15,1
DA:16,1
DA:17,1
DA:18,1
DA:21,1
DA:22,1
DA:23,1
DA:24,1
DA:25,1
DA:26,1
DA:28,0
LF:17
LH:16
BRDA:4,0,0,1
BRDA:6,1,0,1
BRDA:6,1,1,3
BRDA:8,2,0,1
BRDA:8,2,1,2
BRDA:14,3,0,1
BRDA:14,3,1,1
BRDA:21,4,0,1
BRDA:21,4,1,0
BRF:9
BRH:8
end_of_record
